<?xml version="1.0" encoding="UTF-8"?>
<testng-results ignored="0" total="1" passed="1" failed="0" skipped="0">
  <reporter-output>
  </reporter-output>
  <suite started-at="2022-02-18T14:40:08 IST" name="Default suite" finished-at="2022-02-18T14:40:21 IST" duration-ms="12813">
    <groups>
    </groups>
    <test started-at="2022-02-18T14:40:08 IST" name="Default test" finished-at="2022-02-18T14:40:21 IST" duration-ms="12813">
      <class name="seltest.SeleniumGrid">
        <test-method signature="Homepagecheck()[pri:0, instance:seltest.SeleniumGrid@7fee8714]" started-at="2022-02-18T14:40:08 IST" name="Homepagecheck" finished-at="2022-02-18T14:40:21 IST" duration-ms="12770" status="PASS">
          <reporter-output>
          </reporter-output>
        </test-method> <!-- Homepagecheck -->
      </class> <!-- seltest.SeleniumGrid -->
    </test> <!-- Default test -->
  </suite> <!-- Default suite -->
</testng-results>
